<?xml version="1.0" encoding="UTF-8"?>
<testng-results ignored="0" total="1" passed="1" failed="0" skipped="0">
  <reporter-output>
  </reporter-output>
  <suite started-at="2025-01-08T07:23:02 IST" name="Default suite" finished-at="2025-01-08T07:24:49 IST" duration-ms="107529">
    <groups>
      <group name="cucumber">
        <method signature="AbstractTestNGCucumberTests.runScenario(io.cucumber.testng.PickleWrapper,io.cucumber.testng.FeatureWrapper)[pri:0, instance:runner.TestRunner@4562e04d]" name="runScenario" class="io.cucumber.testng.AbstractTestNGCucumberTests"/>
      </group> <!-- cucumber -->
    </groups>
    <test started-at="2025-01-08T07:23:02 IST" name="Default test" finished-at="2025-01-08T07:24:49 IST" duration-ms="107529">
      <class name="runner.TestRunner">
        <test-method is-config="true" signature="setUpClass(org.testng.ITestContext)[pri:0, instance:runner.TestRunner@4562e04d]" started-at="2025-01-08T07:23:02 IST" name="setUpClass" finished-at="2025-01-08T07:24:41 IST" duration-ms="99070" status="PASS">
          <params>
            <param index="0">
              <value>
                <![CDATA[org.testng.TestRunner@710d7aff]]>
              </value>
            </param>
          </params>
          <reporter-output>
          </reporter-output>
        </test-method> <!-- setUpClass -->
        <test-method signature="runScenario(io.cucumber.testng.PickleWrapper,io.cucumber.testng.FeatureWrapper)[pri:0, instance:runner.TestRunner@4562e04d]" started-at="2025-01-08T07:24:41 IST" name="runScenario" description="Runs Cucumber Scenarios" data-provider="scenarios" finished-at="2025-01-08T07:24:49 IST" duration-ms="7879" status="PASS">
          <params>
            <param index="0">
              <value>
                <![CDATA["Validate Alert Pop-Up Functionality"]]>
              </value>
            </param>
            <param index="1">
              <value>
                <![CDATA["Handle Alert Pop-Up"]]>
              </value>
            </param>
          </params>
          <reporter-output>
          </reporter-output>
        </test-method> <!-- runScenario -->
        <test-method is-config="true" signature="tearDownClass()[pri:0, instance:runner.TestRunner@4562e04d]" started-at="2025-01-08T07:24:49 IST" name="tearDownClass" finished-at="2025-01-08T07:24:49 IST" duration-ms="531" status="PASS">
          <reporter-output>
          </reporter-output>
        </test-method> <!-- tearDownClass -->
      </class> <!-- runner.TestRunner -->
    </test> <!-- Default test -->
  </suite> <!-- Default suite -->
</testng-results>
